<?xml version="1.0" encoding="UTF-8"?>
<testsuite xmlns:xsi="http://www.w3.org/2001/XMLSchema-instance" xsi:noNamespaceSchemaLocation="https://maven.apache.org/surefire/maven-surefire-plugin/xsd/surefire-test-report-3.0.xsd" version="3.0" name="edu.projetJava.services.ProduitServiceTest" time="0.147" tests="2" errors="0" skipped="0" failures="0">
  <properties>
[...]
</properties>
  <testcase name="testExisteDeja_ShouldReturnTrue_WhenProductExists" classname="edu.projetJava.services.ProduitServiceTest" time="0.14"/>
  <testcase name="testExisteDeja_ShouldReturnFalse_WhenProductDoesNotExist" classname="edu.projetJava.services.ProduitServiceTest" time="0.005"/>
</testsuite>